Using pre-set license
Built from '2020.3/staging' branch; Version is '2020.3.25f1 (9b9180224418) revision 10195328'; Using compiler version '192528614'; Build Type 'Release'
OS: 'Windows 10  (10.0.19043) 64bit Core' Language: 'ko' Physical Memory: 8134 MB
BatchMode: 1, IsHumanControllingUs: 0, StartBugReporterOnCrash: 0, Is64bit: 1, IsPro: 0

COMMAND LINE ARGUMENTS:
C:\Program Files\Unity\Hub\Editor\2020.3.25f1\Editor\Unity.exe
-adb2
-batchMode
-noUpm
-name
AssetImportWorker0
-projectPath
C:/workspace/unity/UnityGukbi/LearnShader/LearnShader
-logFile
Logs/AssetImportWorker0.log
-srvPort
58908
Successfully changed project path to: C:/workspace/unity/UnityGukbi/LearnShader/LearnShader
C:/workspace/unity/UnityGukbi/LearnShader/LearnShader
Using Asset Import Pipeline V2.
Refreshing native plugins compatible for Editor in 40.08 ms, found 2 plugins.
Preloading 0 native plugins for Editor in 0.00 ms.
Initialize engine version: 2020.3.25f1 (9b9180224418)
[Subsystems] Discovering subsystems at path C:/Program Files/Unity/Hub/Editor/2020.3.25f1/Editor/Data/Resources/UnitySubsystems
[Subsystems] Discovering subsystems at path C:/workspace/unity/UnityGukbi/LearnShader/LearnShader/Assets
GfxDevice: creating device client; threaded=0
Direct3D:
    Version:  Direct3D 11.0 [level 11.1]
    Renderer: NVIDIA GeForce GTX 1650 (ID=0x1f82)
    Vendor:   
    VRAM:     3962 MB
    Driver:   27.21.14.5671
Initialize mono
Mono path[0] = 'C:/Program Files/Unity/Hub/Editor/2020.3.25f1/Editor/Data/Managed'
Mono path[1] = 'C:/Program Files/Unity/Hub/Editor/2020.3.25f1/Editor/Data/MonoBleedingEdge/lib/mono/unityjit'
Mono config path = 'C:/Program Files/Unity/Hub/Editor/2020.3.25f1/Editor/Data/MonoBleedingEdge/etc'
Using monoOptions --debugger-agent=transport=dt_socket,embedding=1,server=y,suspend=n,address=127.0.0.1:56920
Begin MonoManager ReloadAssembly
Registering precompiled unity dll's ...
Register platform support module: C:/Program Files/Unity/Hub/Editor/2020.3.25f1/Editor/Data/PlaybackEngines/WindowsStandaloneSupport/UnityEditor.WindowsStandalone.Extensions.dll
Registered in 0.001822 seconds.
Native extension for WindowsStandalone target not found
Refreshing native plugins compatible for Editor in 37.52 ms, found 2 plugins.
Preloading 0 native plugins for Editor in 0.00 ms.
Mono: successfully reloaded assembly
- Completed reload, in  0.565 seconds
Domain Reload Profiling:
	ReloadAssembly (566ms)
		BeginReloadAssembly (52ms)
			ExecutionOrderSort (0ms)
			DisableScriptedObjects (0ms)
			BackupInstance (0ms)
			ReleaseScriptingObjects (0ms)
			CreateAndSetChildDomain (1ms)
		EndReloadAssembly (445ms)
			LoadAssemblies (50ms)
			RebuildTransferFunctionScriptingTraits (0ms)
			SetupTypeCache (154ms)
			ReleaseScriptCaches (0ms)
			RebuildScriptCaches (29ms)
			SetupLoadedEditorAssemblies (162ms)
				LogAssemblyErrors (0ms)
				InitializePlatformSupportModulesInManaged (4ms)
				SetLoadedEditorAssemblies (0ms)
				RefreshPlugins (38ms)
				BeforeProcessingInitializeOnLoad (15ms)
				ProcessInitializeOnLoadAttributes (73ms)
				ProcessInitializeOnLoadMethodAttributes (31ms)
				AfterProcessingInitializeOnLoad (0ms)
				EditorAssembliesLoaded (0ms)
			ExecutionOrderSort2 (0ms)
			AwakeInstancesAfterBackupRestoration (0ms)
Platform modules already initialized, skipping
Registering precompiled user dll's ...
Registered in 0.004323 seconds.
Begin MonoManager ReloadAssembly
Native extension for WindowsStandalone target not found
Refreshing native plugins compatible for Editor in 0.40 ms, found 2 plugins.
Preloading 0 native plugins for Editor in 0.00 ms.
Mono: successfully reloaded assembly
- Completed reload, in  1.001 seconds
Domain Reload Profiling:
	ReloadAssembly (1002ms)
		BeginReloadAssembly (143ms)
			ExecutionOrderSort (0ms)
			DisableScriptedObjects (4ms)
			BackupInstance (0ms)
			ReleaseScriptingObjects (0ms)
			CreateAndSetChildDomain (22ms)
		EndReloadAssembly (797ms)
			LoadAssemblies (88ms)
			RebuildTransferFunctionScriptingTraits (0ms)
			SetupTypeCache (287ms)
			ReleaseScriptCaches (0ms)
			RebuildScriptCaches (41ms)
			SetupLoadedEditorAssemblies (295ms)
				LogAssemblyErrors (0ms)
				InitializePlatformSupportModulesInManaged (4ms)
				SetLoadedEditorAssemblies (0ms)
				RefreshPlugins (0ms)
				BeforeProcessingInitializeOnLoad (87ms)
				ProcessInitializeOnLoadAttributes (189ms)
				ProcessInitializeOnLoadMethodAttributes (8ms)
				AfterProcessingInitializeOnLoad (6ms)
				EditorAssembliesLoaded (0ms)
			ExecutionOrderSort2 (0ms)
			AwakeInstancesAfterBackupRestoration (6ms)
Platform modules already initialized, skipping
========================================================================
Worker process is ready to serve import requests
Launched and connected shader compiler UnityShaderCompiler.exe after 0.04 seconds
Refreshing native plugins compatible for Editor in 0.46 ms, found 2 plugins.
Preloading 0 native plugins for Editor in 0.00 ms.
Unloading 1673 Unused Serialized files (Serialized files now loaded: 0)
System memory in use before: 110.2 MB.
System memory in use after: 110.1 MB.

Unloading 21 unused Assets to reduce memory usage. Loaded Objects now: 2132.
Total: 3.091100 ms (FindLiveObjects: 0.201900 ms CreateObjectMapping: 0.110000 ms MarkObjects: 2.523000 ms  DeleteObjects: 0.255200 ms)

AssetImportParameters requested are different than current active one (requested -> active):
  custom:framework-win-MediaFoundation: 216162199b28c13a410421893ffa2e32 -> 
  custom:video-decoder-ogg-theora: a1e56fd34408186e4bbccfd4996cb3dc -> 
  custom:container-muxer-webm: aa71ff27fc2769a1b78a27578f13a17b -> 
  custom:container-demuxer-webm: 4f35f7cbe854078d1ac9338744f61a02 -> 
  custom:container-demuxer-ogg: 62fdf1f143b41e24485cea50d1cbac27 -> 
  custom:video-encoder-webm-vp8: eb34c28f22e8b96e1ab97ce403110664 -> 
  custom:video-decoder-webm-vp8: 9c59270c3fd7afecdb556c50c9e8de78 -> 
  custom:audio-decoder-ogg-vorbis: bf7c407c2cedff20999df2af8eb42d56 -> 
  custom:audio-encoder-webm-vorbis: bf7c407c2cedff20999df2af8eb42d56 -> 
========================================================================
Received Import Request.
  path: Assets/AFireSelf/FireSelf.mat
  artifactKey: Guid(53cbbea39ab94fb48ab9dc05a1977d10) Importer(815301076,1909f56bfc062723c751e8b465ee728b)
Start importing Assets/AFireSelf/FireSelf.mat using Guid(53cbbea39ab94fb48ab9dc05a1977d10) Importer(815301076,1909f56bfc062723c751e8b465ee728b)  -> (artifact id: '2424aae05ea322ecc23be8a55d3ef7d0') in 0.198125 seconds 
  Import took 0.200815 seconds .

========================================================================
Received Import Request.
  Time since last request: 12.304342 seconds.
  path: Assets/Toon/ToonSelf.shader
  artifactKey: Guid(c38b1d2da79d38e438801e7f63fd8f47) Importer(815301076,1909f56bfc062723c751e8b465ee728b)
Start importing Assets/Toon/ToonSelf.shader using Guid(c38b1d2da79d38e438801e7f63fd8f47) Importer(815301076,1909f56bfc062723c751e8b465ee728b)  -> (artifact id: '2c0df83a9d4dea0262e11c5ec9477c12') in 0.008028 seconds 
  Import took 0.010542 seconds .

========================================================================
Received Import Request.
  Time since last request: 4177.399344 seconds.
  path: Assets/RimAndHolo/RimAndHolo.unity
  artifactKey: Guid(486b98cf316b07241ba61d5eb3725972) Importer(815301076,1909f56bfc062723c751e8b465ee728b)
Start importing Assets/RimAndHolo/RimAndHolo.unity using Guid(486b98cf316b07241ba61d5eb3725972) Importer(815301076,1909f56bfc062723c751e8b465ee728b)  -> (artifact id: 'ce652d5563c3f97042fccd3d0681da05') in 0.021151 seconds 
  Import took 0.071645 seconds .

========================================================================
Received Import Request.
  Time since last request: 1715.571029 seconds.
  path: Assets/Scenes/Test.unity
  artifactKey: Guid(2e31d3bd10822164eb5e84d3dfe9197c) Importer(815301076,1909f56bfc062723c751e8b465ee728b)
Start importing Assets/Scenes/Test.unity using Guid(2e31d3bd10822164eb5e84d3dfe9197c) Importer(815301076,1909f56bfc062723c751e8b465ee728b)  -> (artifact id: 'e55e2ac51d2cad3da77162b2397a0518') in 0.019903 seconds 
  Import took 0.026121 seconds .

========================================================================
Received Import Request.
  Time since last request: 1.137030 seconds.
  path: Assets/Scenes/rock.unity
  artifactKey: Guid(ef3931b53fe845f4385f3da7700af3e4) Importer(815301076,1909f56bfc062723c751e8b465ee728b)
Start importing Assets/Scenes/rock.unity using Guid(ef3931b53fe845f4385f3da7700af3e4) Importer(815301076,1909f56bfc062723c751e8b465ee728b)  -> (artifact id: '80aa62e65c42abe2a5e14cfb4e18ffff') in 0.015300 seconds 
  Import took 0.019961 seconds .

AssetImportWorkerClient::OnTransportError - code=2 error=End of file
