Using pre-set license
Built from '2020.3/staging' branch; Version is '2020.3.25f1 (9b9180224418) revision 10195328'; Using compiler version '192528614'; Build Type 'Release'
OS: 'Windows 10  (10.0.19043) 64bit Core' Language: 'ko' Physical Memory: 8134 MB
BatchMode: 1, IsHumanControllingUs: 0, StartBugReporterOnCrash: 0, Is64bit: 1, IsPro: 0

COMMAND LINE ARGUMENTS:
C:\Program Files\Unity\Hub\Editor\2020.3.25f1\Editor\Unity.exe
-adb2
-batchMode
-noUpm
-name
AssetImportWorker0
-projectPath
C:/workspace/unity/UnityGukbi/MLPenguin/MLPenguins
-logFile
Logs/AssetImportWorker0.log
-srvPort
63639
Successfully changed project path to: C:/workspace/unity/UnityGukbi/MLPenguin/MLPenguins
C:/workspace/unity/UnityGukbi/MLPenguin/MLPenguins
Using Asset Import Pipeline V2.
Refreshing native plugins compatible for Editor in 53.54 ms, found 3 plugins.
Preloading 0 native plugins for Editor in 0.00 ms.
Initialize engine version: 2020.3.25f1 (9b9180224418)
[Subsystems] Discovering subsystems at path C:/Program Files/Unity/Hub/Editor/2020.3.25f1/Editor/Data/Resources/UnitySubsystems
[Subsystems] Discovering subsystems at path C:/workspace/unity/UnityGukbi/MLPenguin/MLPenguins/Assets
GfxDevice: creating device client; threaded=0
Direct3D:
    Version:  Direct3D 11.0 [level 11.1]
    Renderer: NVIDIA GeForce GTX 1650 (ID=0x1f82)
    Vendor:   
    VRAM:     3962 MB
    Driver:   27.21.14.5671
Shader 'Custom/NewSurfaceShader': fallback shader 'Transparent' not found
Initialize mono
Mono path[0] = 'C:/Program Files/Unity/Hub/Editor/2020.3.25f1/Editor/Data/Managed'
Mono path[1] = 'C:/Program Files/Unity/Hub/Editor/2020.3.25f1/Editor/Data/MonoBleedingEdge/lib/mono/unityjit'
Mono config path = 'C:/Program Files/Unity/Hub/Editor/2020.3.25f1/Editor/Data/MonoBleedingEdge/etc'
Using monoOptions --debugger-agent=transport=dt_socket,embedding=1,server=y,suspend=n,address=127.0.0.1:56568
Begin MonoManager ReloadAssembly
Registering precompiled unity dll's ...
Register platform support module: C:/Program Files/Unity/Hub/Editor/2020.3.25f1/Editor/Data/PlaybackEngines/WindowsStandaloneSupport/UnityEditor.WindowsStandalone.Extensions.dll
Registered in 0.002078 seconds.
Native extension for WindowsStandalone target not found
Refreshing native plugins compatible for Editor in 56.06 ms, found 3 plugins.
Preloading 0 native plugins for Editor in 0.00 ms.
Mono: successfully reloaded assembly
- Completed reload, in  0.792 seconds
Domain Reload Profiling:
	ReloadAssembly (792ms)
		BeginReloadAssembly (62ms)
			ExecutionOrderSort (0ms)
			DisableScriptedObjects (0ms)
			BackupInstance (0ms)
			ReleaseScriptingObjects (0ms)
			CreateAndSetChildDomain (1ms)
		EndReloadAssembly (647ms)
			LoadAssemblies (60ms)
			RebuildTransferFunctionScriptingTraits (0ms)
			SetupTypeCache (188ms)
			ReleaseScriptCaches (0ms)
			RebuildScriptCaches (38ms)
			SetupLoadedEditorAssemblies (264ms)
				LogAssemblyErrors (0ms)
				InitializePlatformSupportModulesInManaged (5ms)
				SetLoadedEditorAssemblies (0ms)
				RefreshPlugins (56ms)
				BeforeProcessingInitializeOnLoad (19ms)
				ProcessInitializeOnLoadAttributes (143ms)
				ProcessInitializeOnLoadMethodAttributes (41ms)
				AfterProcessingInitializeOnLoad (0ms)
				EditorAssembliesLoaded (0ms)
			ExecutionOrderSort2 (0ms)
			AwakeInstancesAfterBackupRestoration (0ms)
Platform modules already initialized, skipping
Registering precompiled user dll's ...
Registered in 0.010520 seconds.
Begin MonoManager ReloadAssembly
Native extension for WindowsStandalone target not found
Refreshing native plugins compatible for Editor in 88.12 ms, found 3 plugins.
Preloading 0 native plugins for Editor in 0.00 ms.
Mono: successfully reloaded assembly
- Completed reload, in  2.607 seconds
Domain Reload Profiling:
	ReloadAssembly (2608ms)
		BeginReloadAssembly (188ms)
			ExecutionOrderSort (0ms)
			DisableScriptedObjects (4ms)
			BackupInstance (0ms)
			ReleaseScriptingObjects (0ms)
			CreateAndSetChildDomain (25ms)
		EndReloadAssembly (2265ms)
			LoadAssemblies (155ms)
			RebuildTransferFunctionScriptingTraits (0ms)
			SetupTypeCache (483ms)
			ReleaseScriptCaches (0ms)
			RebuildScriptCaches (52ms)
			SetupLoadedEditorAssemblies (1403ms)
				LogAssemblyErrors (0ms)
				InitializePlatformSupportModulesInManaged (5ms)
				SetLoadedEditorAssemblies (0ms)
				RefreshPlugins (88ms)
				BeforeProcessingInitializeOnLoad (107ms)
				ProcessInitializeOnLoadAttributes (1182ms)
				ProcessInitializeOnLoadMethodAttributes (13ms)
				AfterProcessingInitializeOnLoad (6ms)
				EditorAssembliesLoaded (1ms)
			ExecutionOrderSort2 (0ms)
			AwakeInstancesAfterBackupRestoration (7ms)
Platform modules already initialized, skipping
========================================================================
Worker process is ready to serve import requests
Shader 'Custom/NewSurfaceShader': fallback shader 'Transparent' not found
Launched and connected shader compiler UnityShaderCompiler.exe after 0.06 seconds
Refreshing native plugins compatible for Editor in 0.59 ms, found 3 plugins.
Preloading 0 native plugins for Editor in 0.00 ms.
Unloading 2185 Unused Serialized files (Serialized files now loaded: 0)
System memory in use before: 109.6 MB.
System memory in use after: 109.7 MB.

Unloading 37 unused Assets to reduce memory usage. Loaded Objects now: 2601.
Total: 3.608000 ms (FindLiveObjects: 0.238100 ms CreateObjectMapping: 0.108200 ms MarkObjects: 3.183600 ms  DeleteObjects: 0.076700 ms)

AssetImportParameters requested are different than current active one (requested -> active):
  custom:framework-win-MediaFoundation: 216162199b28c13a410421893ffa2e32 -> 
  custom:video-decoder-ogg-theora: a1e56fd34408186e4bbccfd4996cb3dc -> 
  custom:container-muxer-webm: aa71ff27fc2769a1b78a27578f13a17b -> 
  custom:container-demuxer-webm: 4f35f7cbe854078d1ac9338744f61a02 -> 
  custom:container-demuxer-ogg: 62fdf1f143b41e24485cea50d1cbac27 -> 
  custom:video-encoder-webm-vp8: eb34c28f22e8b96e1ab97ce403110664 -> 
  custom:video-decoder-webm-vp8: 9c59270c3fd7afecdb556c50c9e8de78 -> 
  custom:audio-decoder-ogg-vorbis: bf7c407c2cedff20999df2af8eb42d56 -> 
  custom:audio-encoder-webm-vorbis: bf7c407c2cedff20999df2af8eb42d56 -> 
========================================================================
Received Import Request.
  path: Assets/Penguins/Scripts/PenguinAgent.cs
  artifactKey: Guid(a6b7b0cf29c8425499b5e5bc3f8a20f3) Importer(815301076,1909f56bfc062723c751e8b465ee728b)
Start importing Assets/Penguins/Scripts/PenguinAgent.cs using Guid(a6b7b0cf29c8425499b5e5bc3f8a20f3) Importer(815301076,1909f56bfc062723c751e8b465ee728b)  -> (artifact id: '8969185a6fe918c957bb040c26d8ba17') in 0.049868 seconds 
  Import took 0.056902 seconds .

========================================================================
Received Prepare
Registering precompiled user dll's ...
Registered in 0.130911 seconds.
Begin MonoManager ReloadAssembly
Native extension for WindowsStandalone target not found
Refreshing native plugins compatible for Editor in 2.74 ms, found 3 plugins.
Preloading 0 native plugins for Editor in 0.00 ms.
Mono: successfully reloaded assembly
- Completed reload, in  7.891 seconds
Domain Reload Profiling:
	ReloadAssembly (7891ms)
		BeginReloadAssembly (507ms)
			ExecutionOrderSort (0ms)
			DisableScriptedObjects (8ms)
			BackupInstance (0ms)
			ReleaseScriptingObjects (0ms)
			CreateAndSetChildDomain (157ms)
		EndReloadAssembly (7072ms)
			LoadAssemblies (408ms)
			RebuildTransferFunctionScriptingTraits (0ms)
			SetupTypeCache (1766ms)
			ReleaseScriptCaches (5ms)
			RebuildScriptCaches (160ms)
			SetupLoadedEditorAssemblies (4013ms)
				LogAssemblyErrors (0ms)
				InitializePlatformSupportModulesInManaged (40ms)
				SetLoadedEditorAssemblies (2ms)
				RefreshPlugins (3ms)
				BeforeProcessingInitializeOnLoad (402ms)
				ProcessInitializeOnLoadAttributes (3425ms)
				ProcessInitializeOnLoadMethodAttributes (94ms)
				AfterProcessingInitializeOnLoad (45ms)
				EditorAssembliesLoaded (2ms)
			ExecutionOrderSort2 (0ms)
			AwakeInstancesAfterBackupRestoration (223ms)
Platform modules already initialized, skipping
Shader 'Custom/NewSurfaceShader': fallback shader 'Transparent' not found
Refreshing native plugins compatible for Editor in 2.45 ms, found 3 plugins.
Preloading 0 native plugins for Editor in 0.00 ms.
Unloading 2130 Unused Serialized files (Serialized files now loaded: 0)
System memory in use before: 104.5 MB.
System memory in use after: 104.7 MB.

Unloading 31 unused Assets to reduce memory usage. Loaded Objects now: 2604.
Total: 11.361900 ms (FindLiveObjects: 0.310000 ms CreateObjectMapping: 0.217200 ms MarkObjects: 10.478200 ms  DeleteObjects: 0.354700 ms)

AssetImportParameters requested are different than current active one (requested -> active):
  custom:framework-win-MediaFoundation: 216162199b28c13a410421893ffa2e32 -> 
  custom:video-decoder-ogg-theora: a1e56fd34408186e4bbccfd4996cb3dc -> 
  custom:container-muxer-webm: aa71ff27fc2769a1b78a27578f13a17b -> 
  custom:container-demuxer-webm: 4f35f7cbe854078d1ac9338744f61a02 -> 
  custom:container-demuxer-ogg: 62fdf1f143b41e24485cea50d1cbac27 -> 
  custom:video-encoder-webm-vp8: eb34c28f22e8b96e1ab97ce403110664 -> 
  custom:video-decoder-webm-vp8: 9c59270c3fd7afecdb556c50c9e8de78 -> 
  custom:audio-decoder-ogg-vorbis: bf7c407c2cedff20999df2af8eb42d56 -> 
  custom:audio-encoder-webm-vorbis: bf7c407c2cedff20999df2af8eb42d56 -> 
========================================================================
Received Import Request.
  Time since last request: 175.531483 seconds.
  path: Packages/com.unity.ml-agents/Tests/Editor/TestModels/discrete1vis0vec_2_3action_recurr_deprecated_v1_0.nn
  artifactKey: Guid(6d6040ad621454dd5b713beb5483e347) Importer(815301076,1909f56bfc062723c751e8b465ee728b)
Start importing Packages/com.unity.ml-agents/Tests/Editor/TestModels/discrete1vis0vec_2_3action_recurr_deprecated_v1_0.nn using Guid(6d6040ad621454dd5b713beb5483e347) Importer(815301076,1909f56bfc062723c751e8b465ee728b)  -> (artifact id: '688bb8cb3ace279800f3043b923573d2') in 0.072504 seconds 
  Import took 0.076844 seconds .

========================================================================
Received Import Request.
  Time since last request: 0.000207 seconds.
  path: Packages/com.unity.ml-agents/Tests/Editor/TestModels/hybrid0vis53vec_3c_2daction_v1_0.onnx
  artifactKey: Guid(9f774b4c578c3435da77d2831db84105) Importer(815301076,1909f56bfc062723c751e8b465ee728b)
Start importing Packages/com.unity.ml-agents/Tests/Editor/TestModels/hybrid0vis53vec_3c_2daction_v1_0.onnx using Guid(9f774b4c578c3435da77d2831db84105) Importer(815301076,1909f56bfc062723c751e8b465ee728b)  -> (artifact id: '2eceea38b7119c537cc133f37c08ffdf') in 0.030666 seconds 
  Import took 0.034956 seconds .

========================================================================
Received Import Request.
  Time since last request: 0.000246 seconds.
  path: Packages/com.unity.ml-agents/Tests/Editor/TestModels/hybrid0vis8vec_2c_2_3d_v2_0.onnx
  artifactKey: Guid(2f6b2ae61d96a4555b60892a0ad924bb) Importer(815301076,1909f56bfc062723c751e8b465ee728b)
Start importing Packages/com.unity.ml-agents/Tests/Editor/TestModels/hybrid0vis8vec_2c_2_3d_v2_0.onnx using Guid(2f6b2ae61d96a4555b60892a0ad924bb) Importer(815301076,1909f56bfc062723c751e8b465ee728b)  -> (artifact id: 'ec593b4378e5fa2aad7262d1ee78f47c') in 0.022346 seconds 
  Import took 0.026559 seconds .

========================================================================
Received Import Request.
  Time since last request: 0.000214 seconds.
  path: Packages/com.unity.ml-agents/Tests/Editor/TestModels/discrete_rank2_vector_v2_0.onnx
  artifactKey: Guid(b6c7faadd10084c3995ad9fff7aa8c54) Importer(815301076,1909f56bfc062723c751e8b465ee728b)
Start importing Packages/com.unity.ml-agents/Tests/Editor/TestModels/discrete_rank2_vector_v2_0.onnx using Guid(b6c7faadd10084c3995ad9fff7aa8c54) Importer(815301076,1909f56bfc062723c751e8b465ee728b)  -> (artifact id: 'acc9f581292a3ba8d5d1f524a26f84ae') in 0.023480 seconds 
  Import took 0.027634 seconds .

========================================================================
Received Import Request.
  Time since last request: 0.000180 seconds.
  path: Assets/Penguins/Config/results/FirstPenguinRun/Penguin.onnx
  artifactKey: Guid(aa7cdb49668e27a4588cfa8243da81d3) Importer(815301076,1909f56bfc062723c751e8b465ee728b)
Start importing Assets/Penguins/Config/results/FirstPenguinRun/Penguin.onnx using Guid(aa7cdb49668e27a4588cfa8243da81d3) Importer(815301076,1909f56bfc062723c751e8b465ee728b)  -> (artifact id: '6246598110b2bfbd89ced1016130c728') in 0.023849 seconds 
  Import took 0.028318 seconds .

========================================================================
Received Import Request.
  Time since last request: 0.000174 seconds.
  path: Assets/Penguins/Config/results/FirstPenguinRun/Penguin/Penguin-45000.onnx
  artifactKey: Guid(f3dcd3d75a031e849bb715ddfe9fabc5) Importer(815301076,1909f56bfc062723c751e8b465ee728b)
Start importing Assets/Penguins/Config/results/FirstPenguinRun/Penguin/Penguin-45000.onnx using Guid(f3dcd3d75a031e849bb715ddfe9fabc5) Importer(815301076,1909f56bfc062723c751e8b465ee728b)  -> (artifact id: 'df9935af0add072b26b9d094cc006880') in 0.018907 seconds 
  Import took 0.022760 seconds .

========================================================================
Received Import Request.
  Time since last request: 0.000180 seconds.
  path: Assets/Penguins/Config/results/FirstPenguinRun/Penguin/Penguin-1499981.onnx
  artifactKey: Guid(2001a05c1d0ec87448dedc854217b7d8) Importer(815301076,1909f56bfc062723c751e8b465ee728b)
Start importing Assets/Penguins/Config/results/FirstPenguinRun/Penguin/Penguin-1499981.onnx using Guid(2001a05c1d0ec87448dedc854217b7d8) Importer(815301076,1909f56bfc062723c751e8b465ee728b)  -> (artifact id: '77781868d02f4bccd133beb59682b2c7') in 0.025782 seconds 
  Import took 0.029818 seconds .

========================================================================
Received Import Request.
  Time since last request: 0.000187 seconds.
  path: Assets/Penguins/Config/results/FirstPenguinRun/Penguin/Penguin-2999933.onnx
  artifactKey: Guid(f0ba10bbde080df48a314d48a9fa52bf) Importer(815301076,1909f56bfc062723c751e8b465ee728b)
Start importing Assets/Penguins/Config/results/FirstPenguinRun/Penguin/Penguin-2999933.onnx using Guid(f0ba10bbde080df48a314d48a9fa52bf) Importer(815301076,1909f56bfc062723c751e8b465ee728b)  -> (artifact id: 'fed46c0efe53224641cffc979d1bd298') in 0.017820 seconds 
  Import took 0.021593 seconds .

========================================================================
Received Import Request.
  Time since last request: 0.000197 seconds.
  path: Packages/com.unity.ml-agents/Tests/Editor/TestModels/discrete1vis0vec_2_3action_v1_0.onnx
  artifactKey: Guid(68991653e04394f95b15a222253c0729) Importer(815301076,1909f56bfc062723c751e8b465ee728b)
Start importing Packages/com.unity.ml-agents/Tests/Editor/TestModels/discrete1vis0vec_2_3action_v1_0.onnx using Guid(68991653e04394f95b15a222253c0729) Importer(815301076,1909f56bfc062723c751e8b465ee728b)  -> (artifact id: '0f89ba8cc5454a6c7df918aa6e7dcfed') in 0.017073 seconds 
  Import took 0.020811 seconds .

========================================================================
Received Import Request.
  Time since last request: 0.000204 seconds.
  path: Assets/Penguins/Config/results/FirstPenguinRun/Penguin/Penguin-2499935.onnx
  artifactKey: Guid(ab617f6e1b83e004fba19c17b04432ed) Importer(815301076,1909f56bfc062723c751e8b465ee728b)
Start importing Assets/Penguins/Config/results/FirstPenguinRun/Penguin/Penguin-2499935.onnx using Guid(ab617f6e1b83e004fba19c17b04432ed) Importer(815301076,1909f56bfc062723c751e8b465ee728b)  -> (artifact id: '42c0f858be2184594f2683c85ef3c0e6') in 0.017911 seconds 
  Import took 0.022027 seconds .

========================================================================
Received Import Request.
  Time since last request: 0.000180 seconds.
  path: Assets/Penguins/Config/results/FirstPenguinRun/Penguin/Penguin-89270.onnx
  artifactKey: Guid(c2529a2be77a4cc4da62c8546f5b71f6) Importer(815301076,1909f56bfc062723c751e8b465ee728b)
Start importing Assets/Penguins/Config/results/FirstPenguinRun/Penguin/Penguin-89270.onnx using Guid(c2529a2be77a4cc4da62c8546f5b71f6) Importer(815301076,1909f56bfc062723c751e8b465ee728b)  -> (artifact id: 'de0fbab0453d3770865e28bf725c4a24') in 0.023941 seconds 
  Import took 0.027704 seconds .

========================================================================
Received Import Request.
  Time since last request: 0.000383 seconds.
  path: Packages/com.unity.ml-agents/Tests/Editor/TestModels/discrete1vis0vec_2_3action_obsolete_recurr_v1_0.onnx
  artifactKey: Guid(9ecb2a56b0c6b42f7ad2b40ab97c5515) Importer(815301076,1909f56bfc062723c751e8b465ee728b)
Start importing Packages/com.unity.ml-agents/Tests/Editor/TestModels/discrete1vis0vec_2_3action_obsolete_recurr_v1_0.onnx using Guid(9ecb2a56b0c6b42f7ad2b40ab97c5515) Importer(815301076,1909f56bfc062723c751e8b465ee728b)  -> (artifact id: 'cc66b090b07333374593d4bf1f026014') in 0.024026 seconds 
  Import took 0.027656 seconds .

========================================================================
Received Import Request.
  Time since last request: 0.000171 seconds.
  path: Packages/com.unity.ml-agents/Tests/Editor/TestModels/continuous2vis8vec2action_deprecated_v1_0.nn
  artifactKey: Guid(bf4543cc3c6944794bbba065bdf90079) Importer(815301076,1909f56bfc062723c751e8b465ee728b)
Start importing Packages/com.unity.ml-agents/Tests/Editor/TestModels/continuous2vis8vec2action_deprecated_v1_0.nn using Guid(bf4543cc3c6944794bbba065bdf90079) Importer(815301076,1909f56bfc062723c751e8b465ee728b)  -> (artifact id: '8506e71861ba02db5739024939e70f2b') in 0.016535 seconds 
  Import took 0.020458 seconds .

========================================================================
Received Import Request.
  Time since last request: 0.000181 seconds.
  path: Packages/com.unity.ml-agents/Tests/Editor/TestModels/deterContinuous2vis8vec2action_v2_0.onnx
  artifactKey: Guid(e905d8f9eadcf45aa8c485594fecba6d) Importer(815301076,1909f56bfc062723c751e8b465ee728b)
Start importing Packages/com.unity.ml-agents/Tests/Editor/TestModels/deterContinuous2vis8vec2action_v2_0.onnx using Guid(e905d8f9eadcf45aa8c485594fecba6d) Importer(815301076,1909f56bfc062723c751e8b465ee728b)  -> (artifact id: 'ae1ab5fc31c1f8184dc198dc3d4add35') in 0.017223 seconds 
  Import took 0.021464 seconds .

========================================================================
Received Import Request.
  Time since last request: 0.000186 seconds.
  path: Packages/com.unity.ml-agents/Tests/Editor/TestModels/continuous2vis8vec2action_v1_0.onnx
  artifactKey: Guid(f90bffb60a3784a2385299a321f354a6) Importer(815301076,1909f56bfc062723c751e8b465ee728b)
Start importing Packages/com.unity.ml-agents/Tests/Editor/TestModels/continuous2vis8vec2action_v1_0.onnx using Guid(f90bffb60a3784a2385299a321f354a6) Importer(815301076,1909f56bfc062723c751e8b465ee728b)  -> (artifact id: 'c3952b90f3f4ea88d22daaac1b7ddcaf') in 0.025332 seconds 
  Import took 0.029374 seconds .

========================================================================
Received Import Request.
  Time since last request: 0.000189 seconds.
  path: Packages/com.unity.ml-agents/Tests/Editor/TestModels/deterDiscrete1obs3action_v2_0.onnx
  artifactKey: Guid(d132cc9c934a54fdc99758427373e038) Importer(815301076,1909f56bfc062723c751e8b465ee728b)
Start importing Packages/com.unity.ml-agents/Tests/Editor/TestModels/deterDiscrete1obs3action_v2_0.onnx using Guid(d132cc9c934a54fdc99758427373e038) Importer(815301076,1909f56bfc062723c751e8b465ee728b)  -> (artifact id: '026b07aaeb09c440ec71a3cb864376b0') in 0.014514 seconds 
  Import took 0.018787 seconds .

========================================================================
Received Import Request.
  Time since last request: 0.000176 seconds.
  path: Assets/Penguins/Config/results/FirstPenguinRun/Penguin/Penguin-1245458.onnx
  artifactKey: Guid(63b43168cfdda534fa8b6687f985a3ae) Importer(815301076,1909f56bfc062723c751e8b465ee728b)
Start importing Assets/Penguins/Config/results/FirstPenguinRun/Penguin/Penguin-1245458.onnx using Guid(63b43168cfdda534fa8b6687f985a3ae) Importer(815301076,1909f56bfc062723c751e8b465ee728b)  -> (artifact id: '789ffc07d801968a5d5bc509e034b12b') in 0.022263 seconds 
  Import took 0.026016 seconds .

========================================================================
Received Import Request.
  Time since last request: 0.000272 seconds.
  path: Assets/Penguins/Config/results/FirstPenguinRun/Penguin/Penguin-1999922.onnx
  artifactKey: Guid(973bf43a8d69c9745ba79f031e2139e7) Importer(815301076,1909f56bfc062723c751e8b465ee728b)
Start importing Assets/Penguins/Config/results/FirstPenguinRun/Penguin/Penguin-1999922.onnx using Guid(973bf43a8d69c9745ba79f031e2139e7) Importer(815301076,1909f56bfc062723c751e8b465ee728b)  -> (artifact id: '69014694136c68e59fb1e3d40df44b22') in 0.016685 seconds 
  Import took 0.020858 seconds .

========================================================================
Received Import Request.
  Time since last request: 404.084461 seconds.
  path: ProjectSettings/TagManager.asset
  artifactKey: Guid(00000000000000003000000000000000) Importer(815301076,1909f56bfc062723c751e8b465ee728b)
Start importing ProjectSettings/TagManager.asset using Guid(00000000000000003000000000000000) Importer(815301076,1909f56bfc062723c751e8b465ee728b)  -> (artifact id: '4c5e74ab0ab5115732833dd80fea4e43') in 0.010379 seconds 
  Import took 0.015930 seconds .

========================================================================
Received Import Request.
  Time since last request: 24.635013 seconds.
  path: Assets/Penguins/Prefabs/PoisonFish.prefab
  artifactKey: Guid(b6d33b85a10d8b440a4c24b7b5957ce8) Importer(815301076,1909f56bfc062723c751e8b465ee728b)
Start importing Assets/Penguins/Prefabs/PoisonFish.prefab using Guid(b6d33b85a10d8b440a4c24b7b5957ce8) Importer(815301076,1909f56bfc062723c751e8b465ee728b)  -> (artifact id: '6a5f09a105b5e4e47e4244ab128841f8') in 0.084831 seconds 
  Import took 0.089242 seconds .

========================================================================
Received Prepare
Registering precompiled user dll's ...
Registered in 0.012611 seconds.
Begin MonoManager ReloadAssembly
Native extension for WindowsStandalone target not found
Refreshing native plugins compatible for Editor in 0.56 ms, found 3 plugins.
Preloading 0 native plugins for Editor in 0.00 ms.
Mono: successfully reloaded assembly
- Completed reload, in  1.076 seconds
Domain Reload Profiling:
	ReloadAssembly (1076ms)
		BeginReloadAssembly (108ms)
			ExecutionOrderSort (0ms)
			DisableScriptedObjects (4ms)
			BackupInstance (0ms)
			ReleaseScriptingObjects (0ms)
			CreateAndSetChildDomain (37ms)
		EndReloadAssembly (911ms)
			LoadAssemblies (89ms)
			RebuildTransferFunctionScriptingTraits (0ms)
			SetupTypeCache (314ms)
			ReleaseScriptCaches (1ms)
			RebuildScriptCaches (34ms)
			SetupLoadedEditorAssemblies (376ms)
				LogAssemblyErrors (0ms)
				InitializePlatformSupportModulesInManaged (4ms)
				SetLoadedEditorAssemblies (0ms)
				RefreshPlugins (1ms)
				BeforeProcessingInitializeOnLoad (79ms)
				ProcessInitializeOnLoadAttributes (276ms)
				ProcessInitializeOnLoadMethodAttributes (8ms)
				AfterProcessingInitializeOnLoad (8ms)
				EditorAssembliesLoaded (0ms)
			ExecutionOrderSort2 (0ms)
			AwakeInstancesAfterBackupRestoration (6ms)
Platform modules already initialized, skipping
Shader 'Custom/NewSurfaceShader': fallback shader 'Transparent' not found
Refreshing native plugins compatible for Editor in 0.50 ms, found 3 plugins.
Preloading 0 native plugins for Editor in 0.00 ms.
Unloading 2130 Unused Serialized files (Serialized files now loaded: 0)
System memory in use before: 107.6 MB.
System memory in use after: 107.7 MB.

Unloading 32 unused Assets to reduce memory usage. Loaded Objects now: 2614.
Total: 2.820900 ms (FindLiveObjects: 0.174500 ms CreateObjectMapping: 0.079500 ms MarkObjects: 2.547200 ms  DeleteObjects: 0.018500 ms)

AssetImportParameters requested are different than current active one (requested -> active):
  custom:framework-win-MediaFoundation: 216162199b28c13a410421893ffa2e32 -> 
  custom:video-decoder-ogg-theora: a1e56fd34408186e4bbccfd4996cb3dc -> 
  custom:container-muxer-webm: aa71ff27fc2769a1b78a27578f13a17b -> 
  custom:container-demuxer-webm: 4f35f7cbe854078d1ac9338744f61a02 -> 
  custom:container-demuxer-ogg: 62fdf1f143b41e24485cea50d1cbac27 -> 
  custom:video-encoder-webm-vp8: eb34c28f22e8b96e1ab97ce403110664 -> 
  custom:video-decoder-webm-vp8: 9c59270c3fd7afecdb556c50c9e8de78 -> 
  custom:audio-decoder-ogg-vorbis: bf7c407c2cedff20999df2af8eb42d56 -> 
  custom:audio-encoder-webm-vorbis: bf7c407c2cedff20999df2af8eb42d56 -> 
========================================================================
Received Import Request.
  Time since last request: 1379.564361 seconds.
  path: Assets/Penguins/Prefabs/PenguinArea.prefab
  artifactKey: Guid(f22b99ebe57c30c40a95c3dd7566e591) Importer(815301076,1909f56bfc062723c751e8b465ee728b)
Start importing Assets/Penguins/Prefabs/PenguinArea.prefab using Guid(f22b99ebe57c30c40a95c3dd7566e591) Importer(815301076,1909f56bfc062723c751e8b465ee728b)  -> (artifact id: '4c2e93928ef8365052c37b58a4a48e42') in 0.132411 seconds 
  Import took 0.136482 seconds .

========================================================================
Received Import Request.
  Time since last request: 33.735583 seconds.
  path: Assets/Penguins/Prefabs/PenguinArea.prefab
  artifactKey: Guid(f22b99ebe57c30c40a95c3dd7566e591) Importer(815301076,1909f56bfc062723c751e8b465ee728b)
Start importing Assets/Penguins/Prefabs/PenguinArea.prefab using Guid(f22b99ebe57c30c40a95c3dd7566e591) Importer(815301076,1909f56bfc062723c751e8b465ee728b)  -> (artifact id: '1d1b0dc59dae016e84ace7d08b6d0383') in 0.038387 seconds 
  Import took 0.044143 seconds .

========================================================================
Received Prepare
Registering precompiled user dll's ...
Registered in 0.008435 seconds.
Begin MonoManager ReloadAssembly
Native extension for WindowsStandalone target not found
Refreshing native plugins compatible for Editor in 0.50 ms, found 3 plugins.
Preloading 0 native plugins for Editor in 0.00 ms.
Mono: successfully reloaded assembly
- Completed reload, in  1.091 seconds
Domain Reload Profiling:
	ReloadAssembly (1091ms)
		BeginReloadAssembly (118ms)
			ExecutionOrderSort (0ms)
			DisableScriptedObjects (4ms)
			BackupInstance (0ms)
			ReleaseScriptingObjects (0ms)
			CreateAndSetChildDomain (42ms)
		EndReloadAssembly (913ms)
			LoadAssemblies (95ms)
			RebuildTransferFunctionScriptingTraits (0ms)
			SetupTypeCache (316ms)
			ReleaseScriptCaches (1ms)
			RebuildScriptCaches (37ms)
			SetupLoadedEditorAssemblies (367ms)
				LogAssemblyErrors (0ms)
				InitializePlatformSupportModulesInManaged (3ms)
				SetLoadedEditorAssemblies (0ms)
				RefreshPlugins (1ms)
				BeforeProcessingInitializeOnLoad (78ms)
				ProcessInitializeOnLoadAttributes (271ms)
				ProcessInitializeOnLoadMethodAttributes (8ms)
				AfterProcessingInitializeOnLoad (6ms)
				EditorAssembliesLoaded (0ms)
			ExecutionOrderSort2 (0ms)
			AwakeInstancesAfterBackupRestoration (6ms)
Platform modules already initialized, skipping
Shader 'Custom/NewSurfaceShader': fallback shader 'Transparent' not found
Refreshing native plugins compatible for Editor in 0.55 ms, found 3 plugins.
Preloading 0 native plugins for Editor in 0.00 ms.
Unloading 2130 Unused Serialized files (Serialized files now loaded: 0)
System memory in use before: 107.7 MB.
System memory in use after: 107.8 MB.

Unloading 31 unused Assets to reduce memory usage. Loaded Objects now: 2618.
Total: 2.988400 ms (FindLiveObjects: 0.170900 ms CreateObjectMapping: 0.080100 ms MarkObjects: 2.718500 ms  DeleteObjects: 0.017900 ms)

AssetImportParameters requested are different than current active one (requested -> active):
  custom:framework-win-MediaFoundation: 216162199b28c13a410421893ffa2e32 -> 
  custom:video-decoder-ogg-theora: a1e56fd34408186e4bbccfd4996cb3dc -> 
  custom:container-muxer-webm: aa71ff27fc2769a1b78a27578f13a17b -> 
  custom:container-demuxer-webm: 4f35f7cbe854078d1ac9338744f61a02 -> 
  custom:container-demuxer-ogg: 62fdf1f143b41e24485cea50d1cbac27 -> 
  custom:video-encoder-webm-vp8: eb34c28f22e8b96e1ab97ce403110664 -> 
  custom:video-decoder-webm-vp8: 9c59270c3fd7afecdb556c50c9e8de78 -> 
  custom:audio-decoder-ogg-vorbis: bf7c407c2cedff20999df2af8eb42d56 -> 
  custom:audio-encoder-webm-vorbis: bf7c407c2cedff20999df2af8eb42d56 -> 
========================================================================
Received Prepare
Registering precompiled user dll's ...
Registered in 0.011869 seconds.
Begin MonoManager ReloadAssembly
Native extension for WindowsStandalone target not found
Refreshing native plugins compatible for Editor in 0.61 ms, found 3 plugins.
Preloading 0 native plugins for Editor in 0.00 ms.
Mono: successfully reloaded assembly
- Completed reload, in  1.317 seconds
Domain Reload Profiling:
	ReloadAssembly (1318ms)
		BeginReloadAssembly (136ms)
			ExecutionOrderSort (0ms)
			DisableScriptedObjects (7ms)
			BackupInstance (0ms)
			ReleaseScriptingObjects (0ms)
			CreateAndSetChildDomain (40ms)
		EndReloadAssembly (1112ms)
			LoadAssemblies (119ms)
			RebuildTransferFunctionScriptingTraits (0ms)
			SetupTypeCache (382ms)
			ReleaseScriptCaches (1ms)
			RebuildScriptCaches (43ms)
			SetupLoadedEditorAssemblies (455ms)
				LogAssemblyErrors (0ms)
				InitializePlatformSupportModulesInManaged (4ms)
				SetLoadedEditorAssemblies (1ms)
				RefreshPlugins (1ms)
				BeforeProcessingInitializeOnLoad (101ms)
				ProcessInitializeOnLoadAttributes (331ms)
				ProcessInitializeOnLoadMethodAttributes (10ms)
				AfterProcessingInitializeOnLoad (8ms)
				EditorAssembliesLoaded (0ms)
			ExecutionOrderSort2 (0ms)
			AwakeInstancesAfterBackupRestoration (10ms)
Platform modules already initialized, skipping
Shader 'Custom/NewSurfaceShader': fallback shader 'Transparent' not found
Refreshing native plugins compatible for Editor in 0.52 ms, found 3 plugins.
Preloading 0 native plugins for Editor in 0.00 ms.
Unloading 2130 Unused Serialized files (Serialized files now loaded: 0)
System memory in use before: 107.7 MB.
System memory in use after: 107.8 MB.

Unloading 31 unused Assets to reduce memory usage. Loaded Objects now: 2621.
Total: 2.727400 ms (FindLiveObjects: 0.179100 ms CreateObjectMapping: 0.081600 ms MarkObjects: 2.434200 ms  DeleteObjects: 0.031200 ms)

AssetImportParameters requested are different than current active one (requested -> active):
  custom:framework-win-MediaFoundation: 216162199b28c13a410421893ffa2e32 -> 
  custom:video-decoder-ogg-theora: a1e56fd34408186e4bbccfd4996cb3dc -> 
  custom:container-muxer-webm: aa71ff27fc2769a1b78a27578f13a17b -> 
  custom:container-demuxer-webm: 4f35f7cbe854078d1ac9338744f61a02 -> 
  custom:container-demuxer-ogg: 62fdf1f143b41e24485cea50d1cbac27 -> 
  custom:video-encoder-webm-vp8: eb34c28f22e8b96e1ab97ce403110664 -> 
  custom:video-decoder-webm-vp8: 9c59270c3fd7afecdb556c50c9e8de78 -> 
  custom:audio-decoder-ogg-vorbis: bf7c407c2cedff20999df2af8eb42d56 -> 
  custom:audio-encoder-webm-vorbis: bf7c407c2cedff20999df2af8eb42d56 -> 
========================================================================
Received Prepare
Registering precompiled user dll's ...
Registered in 0.009383 seconds.
Begin MonoManager ReloadAssembly
Native extension for WindowsStandalone target not found
Refreshing native plugins compatible for Editor in 0.53 ms, found 3 plugins.
Preloading 0 native plugins for Editor in 0.00 ms.
Mono: successfully reloaded assembly
- Completed reload, in  1.063 seconds
Domain Reload Profiling:
	ReloadAssembly (1064ms)
		BeginReloadAssembly (103ms)
			ExecutionOrderSort (0ms)
			DisableScriptedObjects (4ms)
			BackupInstance (0ms)
			ReleaseScriptingObjects (0ms)
			CreateAndSetChildDomain (35ms)
		EndReloadAssembly (872ms)
			LoadAssemblies (97ms)
			RebuildTransferFunctionScriptingTraits (0ms)
			SetupTypeCache (305ms)
			ReleaseScriptCaches (1ms)
			RebuildScriptCaches (34ms)
			SetupLoadedEditorAssemblies (344ms)
				LogAssemblyErrors (0ms)
				InitializePlatformSupportModulesInManaged (3ms)
				SetLoadedEditorAssemblies (2ms)
				RefreshPlugins (1ms)
				BeforeProcessingInitializeOnLoad (71ms)
				ProcessInitializeOnLoadAttributes (254ms)
				ProcessInitializeOnLoadMethodAttributes (8ms)
				AfterProcessingInitializeOnLoad (6ms)
				EditorAssembliesLoaded (0ms)
			ExecutionOrderSort2 (0ms)
			AwakeInstancesAfterBackupRestoration (5ms)
Platform modules already initialized, skipping
Shader 'Custom/NewSurfaceShader': fallback shader 'Transparent' not found
Refreshing native plugins compatible for Editor in 0.52 ms, found 3 plugins.
Preloading 0 native plugins for Editor in 0.00 ms.
Unloading 2130 Unused Serialized files (Serialized files now loaded: 0)
System memory in use before: 107.7 MB.
System memory in use after: 107.8 MB.

Unloading 31 unused Assets to reduce memory usage. Loaded Objects now: 2624.
Total: 2.853300 ms (FindLiveObjects: 0.178500 ms CreateObjectMapping: 0.083600 ms MarkObjects: 2.569100 ms  DeleteObjects: 0.020900 ms)

AssetImportParameters requested are different than current active one (requested -> active):
  custom:framework-win-MediaFoundation: 216162199b28c13a410421893ffa2e32 -> 
  custom:video-decoder-ogg-theora: a1e56fd34408186e4bbccfd4996cb3dc -> 
  custom:container-muxer-webm: aa71ff27fc2769a1b78a27578f13a17b -> 
  custom:container-demuxer-webm: 4f35f7cbe854078d1ac9338744f61a02 -> 
  custom:container-demuxer-ogg: 62fdf1f143b41e24485cea50d1cbac27 -> 
  custom:video-encoder-webm-vp8: eb34c28f22e8b96e1ab97ce403110664 -> 
  custom:video-decoder-webm-vp8: 9c59270c3fd7afecdb556c50c9e8de78 -> 
  custom:audio-decoder-ogg-vorbis: bf7c407c2cedff20999df2af8eb42d56 -> 
  custom:audio-encoder-webm-vorbis: bf7c407c2cedff20999df2af8eb42d56 -> 
========================================================================
Received Prepare
Registering precompiled user dll's ...
Registered in 0.008514 seconds.
Begin MonoManager ReloadAssembly
Native extension for WindowsStandalone target not found
Refreshing native plugins compatible for Editor in 0.49 ms, found 3 plugins.
Preloading 0 native plugins for Editor in 0.00 ms.
Mono: successfully reloaded assembly
- Completed reload, in  1.019 seconds
Domain Reload Profiling:
	ReloadAssembly (1019ms)
		BeginReloadAssembly (120ms)
			ExecutionOrderSort (0ms)
			DisableScriptedObjects (4ms)
			BackupInstance (0ms)
			ReleaseScriptingObjects (0ms)
			CreateAndSetChildDomain (35ms)
		EndReloadAssembly (841ms)
			LoadAssemblies (91ms)
			RebuildTransferFunctionScriptingTraits (0ms)
			SetupTypeCache (289ms)
			ReleaseScriptCaches (1ms)
			RebuildScriptCaches (34ms)
			SetupLoadedEditorAssemblies (338ms)
				LogAssemblyErrors (0ms)
				InitializePlatformSupportModulesInManaged (3ms)
				SetLoadedEditorAssemblies (0ms)
				RefreshPlugins (1ms)
				BeforeProcessingInitializeOnLoad (74ms)
				ProcessInitializeOnLoadAttributes (247ms)
				ProcessInitializeOnLoadMethodAttributes (7ms)
				AfterProcessingInitializeOnLoad (6ms)
				EditorAssembliesLoaded (0ms)
			ExecutionOrderSort2 (0ms)
			AwakeInstancesAfterBackupRestoration (5ms)
Platform modules already initialized, skipping
Shader 'Custom/NewSurfaceShader': fallback shader 'Transparent' not found
Refreshing native plugins compatible for Editor in 0.51 ms, found 3 plugins.
Preloading 0 native plugins for Editor in 0.00 ms.
Unloading 2130 Unused Serialized files (Serialized files now loaded: 0)
System memory in use before: 107.7 MB.
System memory in use after: 107.8 MB.

Unloading 31 unused Assets to reduce memory usage. Loaded Objects now: 2627.
Total: 2.942900 ms (FindLiveObjects: 0.156500 ms CreateObjectMapping: 0.066300 ms MarkObjects: 2.587700 ms  DeleteObjects: 0.131600 ms)

AssetImportParameters requested are different than current active one (requested -> active):
  custom:framework-win-MediaFoundation: 216162199b28c13a410421893ffa2e32 -> 
  custom:video-decoder-ogg-theora: a1e56fd34408186e4bbccfd4996cb3dc -> 
  custom:container-muxer-webm: aa71ff27fc2769a1b78a27578f13a17b -> 
  custom:container-demuxer-webm: 4f35f7cbe854078d1ac9338744f61a02 -> 
  custom:container-demuxer-ogg: 62fdf1f143b41e24485cea50d1cbac27 -> 
  custom:video-encoder-webm-vp8: eb34c28f22e8b96e1ab97ce403110664 -> 
  custom:video-decoder-webm-vp8: 9c59270c3fd7afecdb556c50c9e8de78 -> 
  custom:audio-decoder-ogg-vorbis: bf7c407c2cedff20999df2af8eb42d56 -> 
  custom:audio-encoder-webm-vorbis: bf7c407c2cedff20999df2af8eb42d56 -> 
========================================================================
Received Prepare
Registering precompiled user dll's ...
Registered in 0.013208 seconds.
Begin MonoManager ReloadAssembly
Native extension for WindowsStandalone target not found
Refreshing native plugins compatible for Editor in 0.51 ms, found 3 plugins.
Preloading 0 native plugins for Editor in 0.00 ms.
Mono: successfully reloaded assembly
- Completed reload, in  1.446 seconds
Domain Reload Profiling:
	ReloadAssembly (1447ms)
		BeginReloadAssembly (140ms)
			ExecutionOrderSort (0ms)
			DisableScriptedObjects (8ms)
			BackupInstance (0ms)
			ReleaseScriptingObjects (0ms)
			CreateAndSetChildDomain (41ms)
		EndReloadAssembly (1199ms)
			LoadAssemblies (123ms)
			RebuildTransferFunctionScriptingTraits (0ms)
			SetupTypeCache (392ms)
			ReleaseScriptCaches (1ms)
			RebuildScriptCaches (44ms)
			SetupLoadedEditorAssemblies (516ms)
				LogAssemblyErrors (0ms)
				InitializePlatformSupportModulesInManaged (3ms)
				SetLoadedEditorAssemblies (0ms)
				RefreshPlugins (1ms)
				BeforeProcessingInitializeOnLoad (130ms)
				ProcessInitializeOnLoadAttributes (364ms)
				ProcessInitializeOnLoadMethodAttributes (12ms)
				AfterProcessingInitializeOnLoad (6ms)
				EditorAssembliesLoaded (0ms)
			ExecutionOrderSort2 (0ms)
			AwakeInstancesAfterBackupRestoration (20ms)
Platform modules already initialized, skipping
Shader 'Custom/NewSurfaceShader': fallback shader 'Transparent' not found
Refreshing native plugins compatible for Editor in 0.59 ms, found 3 plugins.
Preloading 0 native plugins for Editor in 0.00 ms.
Unloading 2130 Unused Serialized files (Serialized files now loaded: 0)
System memory in use before: 107.7 MB.
System memory in use after: 107.8 MB.

Unloading 31 unused Assets to reduce memory usage. Loaded Objects now: 2630.
Total: 4.225900 ms (FindLiveObjects: 0.191800 ms CreateObjectMapping: 0.098500 ms MarkObjects: 3.842500 ms  DeleteObjects: 0.091700 ms)

AssetImportParameters requested are different than current active one (requested -> active):
  custom:framework-win-MediaFoundation: 216162199b28c13a410421893ffa2e32 -> 
  custom:video-decoder-ogg-theora: a1e56fd34408186e4bbccfd4996cb3dc -> 
  custom:container-muxer-webm: aa71ff27fc2769a1b78a27578f13a17b -> 
  custom:container-demuxer-webm: 4f35f7cbe854078d1ac9338744f61a02 -> 
  custom:container-demuxer-ogg: 62fdf1f143b41e24485cea50d1cbac27 -> 
  custom:video-encoder-webm-vp8: eb34c28f22e8b96e1ab97ce403110664 -> 
  custom:video-decoder-webm-vp8: 9c59270c3fd7afecdb556c50c9e8de78 -> 
  custom:audio-decoder-ogg-vorbis: bf7c407c2cedff20999df2af8eb42d56 -> 
  custom:audio-encoder-webm-vorbis: bf7c407c2cedff20999df2af8eb42d56 -> 
========================================================================
Received Import Request.
  Time since last request: 3350.712302 seconds.
  path: Assets/Penguins/Prefabs/Penguin.onnx
  artifactKey: Guid(a3bc2af9a2f991b4597684e991964951) Importer(815301076,1909f56bfc062723c751e8b465ee728b)
Start importing Assets/Penguins/Prefabs/Penguin.onnx using Guid(a3bc2af9a2f991b4597684e991964951) Importer(815301076,1909f56bfc062723c751e8b465ee728b)  -> (artifact id: '670e5e67cdf2784e0fa7cd3581836e75') in 0.105362 seconds 
  Import took 0.117224 seconds .

========================================================================
Received Prepare
Registering precompiled user dll's ...
Registered in 0.008343 seconds.
Begin MonoManager ReloadAssembly
Native extension for WindowsStandalone target not found
Refreshing native plugins compatible for Editor in 0.51 ms, found 3 plugins.
Preloading 0 native plugins for Editor in 0.00 ms.
Mono: successfully reloaded assembly
- Completed reload, in  1.050 seconds
Domain Reload Profiling:
	ReloadAssembly (1051ms)
		BeginReloadAssembly (139ms)
			ExecutionOrderSort (0ms)
			DisableScriptedObjects (4ms)
			BackupInstance (0ms)
			ReleaseScriptingObjects (0ms)
			CreateAndSetChildDomain (55ms)
		EndReloadAssembly (848ms)
			LoadAssemblies (91ms)
			RebuildTransferFunctionScriptingTraits (0ms)
			SetupTypeCache (302ms)
			ReleaseScriptCaches (1ms)
			RebuildScriptCaches (32ms)
			SetupLoadedEditorAssemblies (330ms)
				LogAssemblyErrors (0ms)
				InitializePlatformSupportModulesInManaged (3ms)
				SetLoadedEditorAssemblies (0ms)
				RefreshPlugins (1ms)
				BeforeProcessingInitializeOnLoad (70ms)
				ProcessInitializeOnLoadAttributes (243ms)
				ProcessInitializeOnLoadMethodAttributes (7ms)
				AfterProcessingInitializeOnLoad (6ms)
				EditorAssembliesLoaded (0ms)
			ExecutionOrderSort2 (0ms)
			AwakeInstancesAfterBackupRestoration (6ms)
Platform modules already initialized, skipping
Shader 'Custom/NewSurfaceShader': fallback shader 'Transparent' not found
Refreshing native plugins compatible for Editor in 0.52 ms, found 3 plugins.
Preloading 0 native plugins for Editor in 0.00 ms.
Unloading 2130 Unused Serialized files (Serialized files now loaded: 0)
System memory in use before: 107.7 MB.
System memory in use after: 107.8 MB.

Unloading 31 unused Assets to reduce memory usage. Loaded Objects now: 2633.
Total: 3.474200 ms (FindLiveObjects: 0.168300 ms CreateObjectMapping: 0.078400 ms MarkObjects: 3.198500 ms  DeleteObjects: 0.027900 ms)

AssetImportParameters requested are different than current active one (requested -> active):
  custom:framework-win-MediaFoundation: 216162199b28c13a410421893ffa2e32 -> 
  custom:video-decoder-ogg-theora: a1e56fd34408186e4bbccfd4996cb3dc -> 
  custom:container-muxer-webm: aa71ff27fc2769a1b78a27578f13a17b -> 
  custom:container-demuxer-webm: 4f35f7cbe854078d1ac9338744f61a02 -> 
  custom:container-demuxer-ogg: 62fdf1f143b41e24485cea50d1cbac27 -> 
  custom:video-encoder-webm-vp8: eb34c28f22e8b96e1ab97ce403110664 -> 
  custom:video-decoder-webm-vp8: 9c59270c3fd7afecdb556c50c9e8de78 -> 
  custom:audio-decoder-ogg-vorbis: bf7c407c2cedff20999df2af8eb42d56 -> 
  custom:audio-encoder-webm-vorbis: bf7c407c2cedff20999df2af8eb42d56 -> 
AssetImportWorkerClient::OnTransportError - code=2 error=End of file
